<?xml version="1.0" encoding="UTF-8"?>
<!-- Generated by org.testng.reporters.JUnitReportReporter -->
<testsuite hostname="DESKTOP-28161K9" failures="0" tests="1" name="webcheckoutTest.checkoutTest" time="12.587" errors="0" timestamp="2023-04-01T17:04:46 IST" skipped="0">
  <testcase classname="webcheckoutTest.checkoutTest" name="checkoutProcess" time="12.587"/>
  <system-out/>
</testsuite> <!-- webcheckoutTest.checkoutTest -->
