<?xml version="1.0" encoding="UTF-8"?>
<!-- Generated by org.testng.reporters.JUnitReportReporter -->
<testsuite hostname="DESKTOP-28161K9" failures="0" tests="1" name="webcheckoutTest.ActionsClass" time="19.340" errors="0" timestamp="2023-04-06T23:30:11 IST" skipped="0">
  <testcase classname="webcheckoutTest.ActionsClass" name="calenderHandle" time="19.340"/>
  <system-out/>
</testsuite> <!-- webcheckoutTest.ActionsClass -->
