<?xml version="1.0" encoding="UTF-8"?>
<!-- Generated by org.testng.reporters.JUnitReportReporter -->
<testsuite hostname="DESKTOP-28161K9" failures="0" tests="1" name="webcheckoutTest.launchBrowserTest" time="27.580" errors="0" timestamp="2023-04-01T15:53:39 IST" skipped="0">
  <testcase classname="webcheckoutTest.launchBrowserTest" name="launchBrowser" time="27.580"/>
  <system-out/>
</testsuite> <!-- webcheckoutTest.launchBrowserTest -->
