<?xml version="1.0" encoding="UTF-8"?>
<!-- Generated by org.testng.reporters.JUnitReportReporter -->
<testsuite hostname="DESKTOP-28161K9" failures="0" tests="1" name="webcheckoutTest.ActionsClass" time="18.024" errors="0" timestamp="2023-04-06T00:14:45 IST" skipped="0">
  <testcase classname="webcheckoutTest.ActionsClass" name="calenderHandle" time="18.024"/>
  <system-out/>
</testsuite> <!-- webcheckoutTest.ActionsClass -->
