<?xml version="1.0" encoding="UTF-8"?>
<!-- Generated by org.testng.reporters.JUnitReportReporter -->
<testsuite hostname="DESKTOP-28161K9" failures="0" tests="1" name="webcheckoutTest.ActionsClass" time="9.235" errors="0" timestamp="2023-04-09T22:20:08 IST" skipped="0">
  <testcase classname="webcheckoutTest.ActionsClass" name="sslCheck" time="9.235"/>
  <system-out/>
</testsuite> <!-- webcheckoutTest.ActionsClass -->
