<?xml version="1.0" encoding="UTF-8"?>
<!-- Generated by org.testng.reporters.JUnitReportReporter -->
<testsuite hostname="DESKTOP-28161K9" failures="0" tests="1" name="checkoutTest.launchBrowserTest" time="12.634" errors="0" timestamp="2023-03-31T00:02:56 IST" skipped="0">
  <testcase classname="checkoutTest.launchBrowserTest" name="launchBrowser" time="12.634"/>
  <system-out/>
</testsuite> <!-- checkoutTest.launchBrowserTest -->
